<?xml version="1.0" encoding="UTF-8"?>
<!-- Generated by org.testng.reporters.JUnitReportReporter -->
<testsuite skipped="0" hostname="DESKTOP-9GU8BET" name="com.busbd.tcase.TC_BuyTicket_002" tests="1" failures="0" timestamp="2020-09-20T23:50:51 BDT" time="72.704" errors="0">
  <testcase name="buyTicket" time="72.704" classname="com.busbd.tcase.TC_BuyTicket_002"/>
  <system-out/>
</testsuite> <!-- com.busbd.tcase.TC_BuyTicket_002 -->
