<?xml version="1.0" encoding="UTF-8"?>
<!-- Generated by org.testng.reporters.JUnitReportReporter -->
<testsuite skipped="0" hostname="DESKTOP-9GU8BET" name="com.busbd.tcase.TC_ByTicket_001" tests="1" failures="0" timestamp="2020-09-16T01:40:57 BDT" time="23.077" errors="0">
  <testcase name="BuyTicket" time="23.077" classname="com.busbd.tcase.TC_ByTicket_001"/>
  <system-out/>
</testsuite> <!-- com.busbd.tcase.TC_ByTicket_001 -->
