<?xml version="1.0" encoding="UTF-8"?>
<!-- Generated by org.testng.reporters.JUnitReportReporter -->
<testsuite skipped="0" hostname="DESKTOP-9GU8BET" name="com.busbd.tcase.TC_Search_001" tests="1" failures="0" timestamp="2020-09-17T16:42:53 BDT" time="30.532" errors="0">
  <testcase name="BuyTicket" time="30.532" classname="com.busbd.tcase.TC_Search_001"/>
  <system-out/>
</testsuite> <!-- com.busbd.tcase.TC_Search_001 -->
